# JRE version: OpenJDK Runtime Environment (8.0_131-b11) (build 1.8.0_131-b11)
# Java VM: OpenJDK 64-Bit Server VM (25.131-b11 mixed mode linux-amd64 compressed oops)
Heap:
 PSYoungGen      total 395264K, used 18428K [0x00000000d6d80000, 0x00000000f0180000, 0x0000000100000000)
  eden space 376832K, 0% used [0x00000000d6d80000,0x00000000d6d80000,0x00000000edd80000)
  from space 18432K, 99% used [0x00000000edd80000,0x00000000eef7f278,0x00000000eef80000)
  to   space 15360K, 0% used [0x00000000ef200000,0x00000000ef200000,0x00000000f0100000)
 ParOldGen       total 78336K, used 33319K [0x0000000084800000, 0x0000000089480000, 0x00000000d6d80000)
  object space 78336K, 42% used [0x0000000084800000,0x0000000086889c68,0x0000000089480000)
 Metaspace       used 44779K, capacity 45388K, committed 45784K, reserved 1089536K
  class space    used 5849K, capacity 6026K, committed 6144K, reserved 1048576K
GC Heap History (10 events):
Event: 2,427 GC heap after
Heap after GC invocations=8 (full 0):
 PSYoungGen      total 267776K, used 4117K [0x00000000d6d80000, 0x00000000e8080000, 0x0000000100000000)
  eden space 253952K, 0% used [0x00000000d6d80000,0x00000000d6d80000,0x00000000e6580000)
  from space 13824K, 29% used [0x00000000e7300000,0x00000000e77054a0,0x00000000e8080000)
  to   space 13824K, 0% used [0x00000000e6580000,0x00000000e6580000,0x00000000e7300000)
 ParOldGen       total 84992K, used 14929K [0x0000000084800000, 0x0000000089b00000, 0x00000000d6d80000)
  object space 84992K, 17% used [0x0000000084800000,0x0000000085694570,0x0000000089b00000)
 Metaspace       used 20795K, capacity 21164K, committed 21248K, reserved 1067008K
  class space    used 2641K, capacity 2746K, committed 2816K, reserved 1048576K
}
Event: 2,427 GC heap before
{Heap before GC invocations=9 (full 1):
 PSYoungGen      total 267776K, used 4117K [0x00000000d6d80000, 0x00000000e8080000, 0x0000000100000000)
  eden space 253952K, 0% used [0x00000000d6d80000,0x00000000d6d80000,0x00000000e6580000)
  from space 13824K, 29% used [0x00000000e7300000,0x00000000e77054a0,0x00000000e8080000)
  to   space 13824K, 0% used [0x00000000e6580000,0x00000000e6580000,0x00000000e7300000)
 ParOldGen       total 84992K, used 14929K [0x0000000084800000, 0x0000000089b00000, 0x00000000d6d80000)
  object space 84992K, 17% used [0x0000000084800000,0x0000000085694570,0x0000000089b00000)
 Metaspace       used 20795K, capacity 21164K, committed 21248K, reserved 1067008K
  class space    used 2641K, capacity 2746K, committed 2816K, reserved 1048576K
Event: 2,504 GC heap after
Heap after GC invocations=9 (full 1):
 PSYoungGen      total 267776K, used 0K [0x00000000d6d80000, 0x00000000e8080000, 0x0000000100000000)
  eden space 253952K, 0% used [0x00000000d6d80000,0x00000000d6d80000,0x00000000e6580000)
  from space 13824K, 0% used [0x00000000e7300000,0x00000000e7300000,0x00000000e8080000)
  to   space 13824K, 0% used [0x00000000e6580000,0x00000000e6580000,0x00000000e7300000)
 ParOldGen       total 55296K, used 14306K [0x0000000084800000, 0x0000000087e00000, 0x00000000d6d80000)
  object space 55296K, 25% used [0x0000000084800000,0x00000000855f8ae8,0x0000000087e00000)
 Metaspace       used 20795K, capacity 21164K, committed 21248K, reserved 1067008K
  class space    used 2641K, capacity 2746K, committed 2816K, reserved 1048576K
}
Event: 4,135 GC heap before
{Heap before GC invocations=10 (full 1):
 PSYoungGen      total 267776K, used 253952K [0x00000000d6d80000, 0x00000000e8080000, 0x0000000100000000)
  eden space 253952K, 100% used [0x00000000d6d80000,0x00000000e6580000,0x00000000e6580000)
  from space 13824K, 0% used [0x00000000e7300000,0x00000000e7300000,0x00000000e8080000)
  to   space 13824K, 0% used [0x00000000e6580000,0x00000000e6580000,0x00000000e7300000)
 ParOldGen       total 55296K, used 14306K [0x0000000084800000, 0x0000000087e00000, 0x00000000d6d80000)
  object space 55296K, 25% used [0x0000000084800000,0x00000000855f8ae8,0x0000000087e00000)
 Metaspace       used 27245K, capacity 27704K, committed 28032K, reserved 1073152K
  class space    used 3499K, capacity 3628K, committed 3712K, reserved 1048576K
Event: 4,151 GC heap after
Heap after GC invocations=10 (full 1):
 PSYoungGen      total 267776K, used 12853K [0x00000000d6d80000, 0x00000000f0100000, 0x0000000100000000)
  eden space 253952K, 0% used [0x00000000d6d80000,0x00000000d6d80000,0x00000000e6580000)
  from space 13824K, 92% used [0x00000000e6580000,0x00000000e720d720,0x00000000e7300000)
  to   space 15360K, 0% used [0x00000000ef200000,0x00000000ef200000,0x00000000f0100000)
 ParOldGen       total 55296K, used 14314K [0x0000000084800000, 0x0000000087e00000, 0x00000000d6d80000)
  object space 55296K, 25% used [0x0000000084800000,0x00000000855faae8,0x0000000087e00000)
 Metaspace       used 27245K, capacity 27704K, committed 28032K, reserved 1073152K
  class space    used 3499K, capacity 3628K, committed 3712K, reserved 1048576K
}
Event: 5,111 GC heap before
{Heap before GC invocations=11 (full 1):
 PSYoungGen      total 267776K, used 181251K [0x00000000d6d80000, 0x00000000f0100000, 0x0000000100000000)
  eden space 253952K, 66% used [0x00000000d6d80000,0x00000000e11f3868,0x00000000e6580000)
  from space 13824K, 92% used [0x00000000e6580000,0x00000000e720d720,0x00000000e7300000)
  to   space 15360K, 0% used [0x00000000ef200000,0x00000000ef200000,0x00000000f0100000)
 ParOldGen       total 55296K, used 14314K [0x0000000084800000, 0x0000000087e00000, 0x00000000d6d80000)
  object space 55296K, 25% used [0x0000000084800000,0x00000000855faae8,0x0000000087e00000)
 Metaspace       used 34781K, capacity 35182K, committed 35416K, reserved 1079296K
  class space    used 4537K, capacity 4661K, committed 4736K, reserved 1048576K
Event: 5,128 GC heap after
Heap after GC invocations=11 (full 1):
 PSYoungGen      total 392192K, used 15328K [0x00000000d6d80000, 0x00000000f0180000, 0x0000000100000000)
  eden space 376832K, 0% used [0x00000000d6d80000,0x00000000d6d80000,0x00000000edd80000)
  from space 15360K, 99% used [0x00000000ef200000,0x00000000f00f8350,0x00000000f0100000)
  to   space 18432K, 0% used [0x00000000edd80000,0x00000000edd80000,0x00000000eef80000)
 ParOldGen       total 55296K, used 16406K [0x0000000084800000, 0x0000000087e00000, 0x00000000d6d80000)
  object space 55296K, 29% used [0x0000000084800000,0x00000000858059a8,0x0000000087e00000)
 Metaspace       used 34781K, capacity 35182K, committed 35416K, reserved 1079296K
  class space    used 4537K, capacity 4661K, committed 4736K, reserved 1048576K
}
Event: 5,128 GC heap before
{Heap before GC invocations=12 (full 2):
 PSYoungGen      total 392192K, used 15328K [0x00000000d6d80000, 0x00000000f0180000, 0x0000000100000000)
  eden space 376832K, 0% used [0x00000000d6d80000,0x00000000d6d80000,0x00000000edd80000)
  from space 15360K, 99% used [0x00000000ef200000,0x00000000f00f8350,0x00000000f0100000)
  to   space 18432K, 0% used [0x00000000edd80000,0x00000000edd80000,0x00000000eef80000)
 ParOldGen       total 55296K, used 16406K [0x0000000084800000, 0x0000000087e00000, 0x00000000d6d80000)
  object space 55296K, 29% used [0x0000000084800000,0x00000000858059a8,0x0000000087e00000)
 Metaspace       used 34781K, capacity 35182K, committed 35416K, reserved 1079296K
  class space    used 4537K, capacity 4661K, committed 4736K, reserved 1048576K
Event: 5,233 GC heap after
Heap after GC invocations=12 (full 2):
 PSYoungGen      total 392192K, used 0K [0x00000000d6d80000, 0x00000000f0180000, 0x0000000100000000)
  eden space 376832K, 0% used [0x00000000d6d80000,0x00000000d6d80000,0x00000000edd80000)
  from space 15360K, 0% used [0x00000000ef200000,0x00000000ef200000,0x00000000f0100000)
  to   space 18432K, 0% used [0x00000000edd80000,0x00000000edd80000,0x00000000eef80000)
 ParOldGen       total 78336K, used 29200K [0x0000000084800000, 0x0000000089480000, 0x00000000d6d80000)
  object space 78336K, 37% used [0x0000000084800000,0x0000000086484030,0x0000000089480000)
 Metaspace       used 34781K, capacity 35182K, committed 35416K, reserved 1079296K
  class space    used 4537K, capacity 4661K, committed 4736K, reserved 1048576K
}
Event: 7,597 GC heap before
{Heap before GC invocations=13 (full 2):
 PSYoungGen      total 392192K, used 376832K [0x00000000d6d80000, 0x00000000f0180000, 0x0000000100000000)
  eden space 376832K, 100% used [0x00000000d6d80000,0x00000000edd80000,0x00000000edd80000)
  from space 15360K, 0% used [0x00000000ef200000,0x00000000ef200000,0x00000000f0100000)
  to   space 18432K, 0% used [0x00000000edd80000,0x00000000edd80000,0x00000000eef80000)
 ParOldGen       total 78336K, used 29200K [0x0000000084800000, 0x0000000089480000, 0x00000000d6d80000)
  object space 78336K, 37% used [0x0000000084800000,0x0000000086484030,0x0000000089480000)
 Metaspace       used 44779K, capacity 45388K, committed 45784K, reserved 1089536K
  class space    used 5849K, capacity 6026K, committed 6144K, reserved 1048576K

