# JRE version: OpenJDK Runtime Environment (8.0_131-b11) (build 1.8.0_131-b11)
# Java VM: OpenJDK 64-Bit Server VM (25.131-b11 mixed mode linux-amd64 compressed oops)
Heap:
 PSYoungGen      total 371200K, used 11397K [0x00000000d6d80000, 0x00000000eea00000, 0x0000000100000000)
  eden space 352768K, 0% used [0x00000000d6d80000,0x00000000d6d80000,0x00000000ec600000)
  from space 18432K, 61% used [0x00000000ec600000,0x00000000ed121718,0x00000000ed800000)
  to   space 14336K, 0% used [0x00000000edc00000,0x00000000edc00000,0x00000000eea00000)
 ParOldGen       total 96768K, used 41811K [0x0000000084800000, 0x000000008a680000, 0x00000000d6d80000)
  object space 96768K, 43% used [0x0000000084800000,0x00000000870d4d50,0x000000008a680000)
 Metaspace       used 50766K, capacity 51428K, committed 51672K, reserved 1093632K
  class space    used 6660K, capacity 6821K, committed 6912K, reserved 1048576K
GC Heap History (10 events):
Event: 4,197 GC heap after
Heap after GC invocations=10 (full 1):
 PSYoungGen      total 261632K, used 12272K [0x00000000d6d80000, 0x00000000e9800000, 0x0000000100000000)
  eden space 249344K, 0% used [0x00000000d6d80000,0x00000000d6d80000,0x00000000e6100000)
  from space 12288K, 99% used [0x00000000e6100000,0x00000000e6cfc1a8,0x00000000e6d00000)
  to   space 13824K, 0% used [0x00000000e8a80000,0x00000000e8a80000,0x00000000e9800000)
 ParOldGen       total 65536K, used 18430K [0x0000000084800000, 0x0000000088800000, 0x00000000d6d80000)
  object space 65536K, 28% used [0x0000000084800000,0x00000000859ffba0,0x0000000088800000)
 Metaspace       used 28036K, capacity 28484K, committed 28928K, reserved 1075200K
  class space    used 3628K, capacity 3758K, committed 3840K, reserved 1048576K
}
Event: 4,779 GC heap before
{Heap before GC invocations=11 (full 1):
 PSYoungGen      total 261632K, used 98095K [0x00000000d6d80000, 0x00000000e9800000, 0x0000000100000000)
  eden space 249344K, 34% used [0x00000000d6d80000,0x00000000dc14fbe8,0x00000000e6100000)
  from space 12288K, 99% used [0x00000000e6100000,0x00000000e6cfc1a8,0x00000000e6d00000)
  to   space 13824K, 0% used [0x00000000e8a80000,0x00000000e8a80000,0x00000000e9800000)
 ParOldGen       total 65536K, used 18430K [0x0000000084800000, 0x0000000088800000, 0x00000000d6d80000)
  object space 65536K, 28% used [0x0000000084800000,0x00000000859ffba0,0x0000000088800000)
 Metaspace       used 34785K, capacity 35182K, committed 35416K, reserved 1079296K
  class space    used 4548K, capacity 4661K, committed 4736K, reserved 1048576K
Event: 4,800 GC heap after
Heap after GC invocations=11 (full 1):
 PSYoungGen      total 290304K, used 13500K [0x00000000d6d80000, 0x00000000ed380000, 0x0000000100000000)
  eden space 276480K, 0% used [0x00000000d6d80000,0x00000000d6d80000,0x00000000e7b80000)
  from space 13824K, 97% used [0x00000000e8a80000,0x00000000e97af060,0x00000000e9800000)
  to   space 15360K, 0% used [0x00000000e7b80000,0x00000000e7b80000,0x00000000e8a80000)
 ParOldGen       total 65536K, used 21730K [0x0000000084800000, 0x0000000088800000, 0x00000000d6d80000)
  object space 65536K, 33% used [0x0000000084800000,0x0000000085d38bd0,0x0000000088800000)
 Metaspace       used 34785K, capacity 35182K, committed 35416K, reserved 1079296K
  class space    used 4548K, capacity 4661K, committed 4736K, reserved 1048576K
}
Event: 4,800 GC heap before
{Heap before GC invocations=12 (full 2):
 PSYoungGen      total 290304K, used 13500K [0x00000000d6d80000, 0x00000000ed380000, 0x0000000100000000)
  eden space 276480K, 0% used [0x00000000d6d80000,0x00000000d6d80000,0x00000000e7b80000)
  from space 13824K, 97% used [0x00000000e8a80000,0x00000000e97af060,0x00000000e9800000)
  to   space 15360K, 0% used [0x00000000e7b80000,0x00000000e7b80000,0x00000000e8a80000)
 ParOldGen       total 65536K, used 21730K [0x0000000084800000, 0x0000000088800000, 0x00000000d6d80000)
  object space 65536K, 33% used [0x0000000084800000,0x0000000085d38bd0,0x0000000088800000)
 Metaspace       used 34785K, capacity 35182K, committed 35416K, reserved 1079296K
  class space    used 4548K, capacity 4661K, committed 4736K, reserved 1048576K
Event: 4,880 GC heap after
Heap after GC invocations=12 (full 2):
 PSYoungGen      total 290304K, used 0K [0x00000000d6d80000, 0x00000000ed380000, 0x0000000100000000)
  eden space 276480K, 0% used [0x00000000d6d80000,0x00000000d6d80000,0x00000000e7b80000)
  from space 13824K, 0% used [0x00000000e8a80000,0x00000000e8a80000,0x00000000e9800000)
  to   space 15360K, 0% used [0x00000000e7b80000,0x00000000e7b80000,0x00000000e8a80000)
 ParOldGen       total 96768K, used 28927K [0x0000000084800000, 0x000000008a680000, 0x00000000d6d80000)
  object space 96768K, 29% used [0x0000000084800000,0x000000008643ffa0,0x000000008a680000)
 Metaspace       used 34785K, capacity 35182K, committed 35416K, reserved 1079296K
  class space    used 4548K, capacity 4661K, committed 4736K, reserved 1048576K
}
Event: 6,798 GC heap before
{Heap before GC invocations=13 (full 2):
 PSYoungGen      total 290304K, used 276480K [0x00000000d6d80000, 0x00000000ed380000, 0x0000000100000000)
  eden space 276480K, 100% used [0x00000000d6d80000,0x00000000e7b80000,0x00000000e7b80000)
  from space 13824K, 0% used [0x00000000e8a80000,0x00000000e8a80000,0x00000000e9800000)
  to   space 15360K, 0% used [0x00000000e7b80000,0x00000000e7b80000,0x00000000e8a80000)
 ParOldGen       total 96768K, used 28927K [0x0000000084800000, 0x000000008a680000, 0x00000000d6d80000)
  object space 96768K, 29% used [0x0000000084800000,0x000000008643ffa0,0x000000008a680000)
 Metaspace       used 43449K, capacity 44034K, committed 44504K, reserved 1087488K
  class space    used 5668K, capacity 5795K, committed 5888K, reserved 1048576K
Event: 6,817 GC heap after
Heap after GC invocations=13 (full 2):
 PSYoungGen      total 291840K, used 15332K [0x00000000d6d80000, 0x00000000eee00000, 0x0000000100000000)
  eden space 276480K, 0% used [0x00000000d6d80000,0x00000000d6d80000,0x00000000e7b80000)
  from space 15360K, 99% used [0x00000000e7b80000,0x00000000e8a790e0,0x00000000e8a80000)
  to   space 18432K, 0% used [0x00000000edc00000,0x00000000edc00000,0x00000000eee00000)
 ParOldGen       total 96768K, used 31830K [0x0000000084800000, 0x000000008a680000, 0x00000000d6d80000)
  object space 96768K, 32% used [0x0000000084800000,0x0000000086715a70,0x000000008a680000)
 Metaspace       used 43449K, capacity 44034K, committed 44504K, reserved 1087488K
  class space    used 5668K, capacity 5795K, committed 5888K, reserved 1048576K
}
Event: 7,988 GC heap before
{Heap before GC invocations=14 (full 2):
 PSYoungGen      total 291840K, used 291812K [0x00000000d6d80000, 0x00000000eee00000, 0x0000000100000000)
  eden space 276480K, 100% used [0x00000000d6d80000,0x00000000e7b80000,0x00000000e7b80000)
  from space 15360K, 99% used [0x00000000e7b80000,0x00000000e8a790e0,0x00000000e8a80000)
  to   space 18432K, 0% used [0x00000000edc00000,0x00000000edc00000,0x00000000eee00000)
 ParOldGen       total 96768K, used 31830K [0x0000000084800000, 0x000000008a680000, 0x00000000d6d80000)
  object space 96768K, 32% used [0x0000000084800000,0x0000000086715a70,0x000000008a680000)
 Metaspace       used 47178K, capacity 47816K, committed 48088K, reserved 1091584K
  class space    used 6211K, capacity 6357K, committed 6400K, reserved 1048576K
Event: 8,010 GC heap after
Heap after GC invocations=14 (full 2):
 PSYoungGen      total 367104K, used 11888K [0x00000000d6d80000, 0x00000000eea00000, 0x0000000100000000)
  eden space 352768K, 0% used [0x00000000d6d80000,0x00000000d6d80000,0x00000000ec600000)
  from space 14336K, 82% used [0x00000000edc00000,0x00000000ee79c018,0x00000000eea00000)
  to   space 18432K, 0% used [0x00000000ec600000,0x00000000ec600000,0x00000000ed800000)
 ParOldGen       total 96768K, used 41803K [0x0000000084800000, 0x000000008a680000, 0x00000000d6d80000)
  object space 96768K, 43% used [0x0000000084800000,0x00000000870d2d50,0x000000008a680000)
 Metaspace       used 47178K, capacity 47816K, committed 48088K, reserved 1091584K
  class space    used 6211K, capacity 6357K, committed 6400K, reserved 1048576K
}
Event: 47,848 GC heap before
{Heap before GC invocations=15 (full 2):
 PSYoungGen      total 367104K, used 364656K [0x00000000d6d80000, 0x00000000eea00000, 0x0000000100000000)
  eden space 352768K, 100% used [0x00000000d6d80000,0x00000000ec600000,0x00000000ec600000)
  from space 14336K, 82% used [0x00000000edc00000,0x00000000ee79c018,0x00000000eea00000)
  to   space 18432K, 0% used [0x00000000ec600000,0x00000000ec600000,0x00000000ed800000)
 ParOldGen       total 96768K, used 41803K [0x0000000084800000, 0x000000008a680000, 0x00000000d6d80000)
  object space 96768K, 43% used [0x0000000084800000,0x00000000870d2d50,0x000000008a680000)
 Metaspace       used 50766K, capacity 51428K, committed 51672K, reserved 1093632K
  class space    used 6660K, capacity 6821K, committed 6912K, reserved 1048576K

